<?xml version="1.0" encoding="UTF-8"?>
<!-- Generated by org.testng.reporters.JUnitXMLReporter -->
<testsuite ignored="0" hostname="DESKTOP-92J101I" failures="0" tests="4" name="Default test" time="12.846" errors="0" timestamp="2023-05-24T17:12:53 IST">
  <testcase classname="api.test.UserTests" name="testPostUser" time="4.173"/>
  <testcase classname="api.test.UserTests" name="testGetUserByName" time="1.123"/>
  <testcase classname="api.test.UserTests" name="testUpdateUserByName" time="4.088"/>
  <testcase classname="api.test.UserTests" name="testDeleteUserByName" time="2.044"/>
</testsuite> <!-- Default test -->
