<?xml version="1.0" encoding="UTF-8"?>
<!-- Generated by org.testng.reporters.JUnitXMLReporter -->
<testsuite ignored="0" hostname="DESKTOP-92J101I" failures="0" tests="4" name="Test" time="17.305" errors="0" timestamp="2023-05-23T12:25:04 IST">
  <testcase classname="api.test.UserTests" name="testPostUser" time="8.526"/>
  <testcase classname="api.test.UserTests" name="testGetUserByName" time="1.146"/>
  <testcase classname="api.test.UserTests" name="testUpdateUserByName" time="2.304"/>
  <testcase classname="api.test.UserTests" name="testDeleteUserByName" time="1.123"/>
</testsuite> <!-- Test -->
