<?xml version="1.0" encoding="UTF-8"?>
<testng-results ignored="0" total="4" passed="4" failed="0" skipped="0">
  <reporter-output>
  </reporter-output>
  <suite started-at="2023-05-24T17:12:40 IST" name="Default suite" finished-at="2023-05-24T17:12:53 IST" duration-ms="12846">
    <groups>
    </groups>
    <test started-at="2023-05-24T17:12:40 IST" name="Default test" finished-at="2023-05-24T17:12:53 IST" duration-ms="12846">
      <class name="api.test.UserTests">
        <test-method is-config="true" signature="setUpData()[pri:0, instance:api.test.UserTests@79e2c065]" started-at="2023-05-24T17:12:40 IST" name="setUpData" finished-at="2023-05-24T17:12:41 IST" duration-ms="1285" status="PASS">
          <reporter-output>
          </reporter-output>
        </test-method> <!-- setUpData -->
        <test-method signature="testPostUser()[pri:1, instance:api.test.UserTests@79e2c065]" started-at="2023-05-24T17:12:41 IST" name="testPostUser" finished-at="2023-05-24T17:12:45 IST" duration-ms="4173" status="PASS">
          <reporter-output>
          </reporter-output>
        </test-method> <!-- testPostUser -->
        <test-method signature="testGetUserByName()[pri:2, instance:api.test.UserTests@79e2c065]" started-at="2023-05-24T17:12:45 IST" name="testGetUserByName" finished-at="2023-05-24T17:12:46 IST" duration-ms="1123" status="PASS">
          <reporter-output>
          </reporter-output>
        </test-method> <!-- testGetUserByName -->
        <test-method signature="testUpdateUserByName()[pri:3, instance:api.test.UserTests@79e2c065]" started-at="2023-05-24T17:12:47 IST" name="testUpdateUserByName" finished-at="2023-05-24T17:12:51 IST" duration-ms="4088" status="PASS">
          <reporter-output>
          </reporter-output>
        </test-method> <!-- testUpdateUserByName -->
        <test-method signature="testDeleteUserByName()[pri:4, instance:api.test.UserTests@79e2c065]" started-at="2023-05-24T17:12:51 IST" name="testDeleteUserByName" finished-at="2023-05-24T17:12:53 IST" duration-ms="2044" status="PASS">
          <reporter-output>
          </reporter-output>
        </test-method> <!-- testDeleteUserByName -->
      </class> <!-- api.test.UserTests -->
    </test> <!-- Default test -->
  </suite> <!-- Default suite -->
</testng-results>
